0 info it worked if it ends with ok
1 verbose cli [ '/usr/local/bin/node', '/usr/local/bin/npm', 'start' ]
2 info using npm@3.3.6
3 info using node@v5.0.0
4 verbose run-script [ 'prestart', 'start', 'poststart' ]
5 info lifecycle chess-server@0.0.0~prestart: chess-server@0.0.0
6 verbose lifecycle chess-server@0.0.0~prestart: unsafe-perm in lifecycle true
7 verbose lifecycle chess-server@0.0.0~prestart: PATH: /usr/local/lib/node_modules/npm/bin/node-gyp-bin:/Users/Alexander/GitHub/chess-server/node_modules/.bin:/usr/local/bin:/usr/bin:/bin:/usr/sbin:/sbin:/opt/X11/bin:/usr/local/git/bin
8 verbose lifecycle chess-server@0.0.0~prestart: CWD: /Users/Alexander/GitHub/chess-server
9 silly lifecycle chess-server@0.0.0~prestart: Args: [ '-c', 'webpack' ]
10 silly lifecycle chess-server@0.0.0~prestart: Returned: code: 0  signal: null
11 info lifecycle chess-server@0.0.0~start: chess-server@0.0.0
12 verbose lifecycle chess-server@0.0.0~start: unsafe-perm in lifecycle true
13 verbose lifecycle chess-server@0.0.0~start: PATH: /usr/local/lib/node_modules/npm/bin/node-gyp-bin:/Users/Alexander/GitHub/chess-server/node_modules/.bin:/usr/local/bin:/usr/bin:/bin:/usr/sbin:/sbin:/opt/X11/bin:/usr/local/git/bin
14 verbose lifecycle chess-server@0.0.0~start: CWD: /Users/Alexander/GitHub/chess-server
15 silly lifecycle chess-server@0.0.0~start: Args: [ '-c', 'node ./bin/www' ]
16 silly lifecycle chess-server@0.0.0~start: Returned: code: 1  signal: null
17 info lifecycle chess-server@0.0.0~start: Failed to exec start script
18 verbose stack Error: chess-server@0.0.0 start: `node ./bin/www`
18 verbose stack Exit status 1
18 verbose stack     at EventEmitter.<anonymous> (/usr/local/lib/node_modules/npm/lib/utils/lifecycle.js:233:16)
18 verbose stack     at emitTwo (events.js:87:13)
18 verbose stack     at EventEmitter.emit (events.js:172:7)
18 verbose stack     at ChildProcess.<anonymous> (/usr/local/lib/node_modules/npm/lib/utils/spawn.js:24:14)
18 verbose stack     at emitTwo (events.js:87:13)
18 verbose stack     at ChildProcess.emit (events.js:172:7)
18 verbose stack     at maybeClose (internal/child_process.js:818:16)
18 verbose stack     at Process.ChildProcess._handle.onexit (internal/child_process.js:211:5)
19 verbose pkgid chess-server@0.0.0
20 verbose cwd /Users/Alexander/GitHub/chess-server
21 error Darwin 15.5.0
22 error argv "/usr/local/bin/node" "/usr/local/bin/npm" "start"
23 error node v5.0.0
24 error npm  v3.3.6
25 error code ELIFECYCLE
26 error chess-server@0.0.0 start: `node ./bin/www`
26 error Exit status 1
27 error Failed at the chess-server@0.0.0 start script 'node ./bin/www'.
27 error This is most likely a problem with the chess-server package,
27 error not with npm itself.
27 error Tell the author that this fails on your system:
27 error     node ./bin/www
27 error You can get their info via:
27 error     npm owner ls chess-server
27 error There is likely additional logging output above.
28 verbose exit [ 1, true ]
